### Start Thu Jan 13 03:44:15 2022
# /opt/tools/compilers/solarisstudio12.5/bin/../bin/er_archive -n -O /export/home/acs/stud/t/tudor.calafeteanu/APP/ROT13/Profiling/Results/in6/P4/mpi_openmp.er/_x2.er/er_archive.log /export/home/acs/stud/t/tudor.calafeteanu/APP/ROT13/Profiling/Results/in6/P4/mpi_openmp.er/_x2.er
Copying `/opt/tools/compilers/gnu/6.2.0/lib64/libgomp.so.1.0.0'
  to `/export/home/acs/stud/t/tudor.calafeteanu/APP/ROT13/Profiling/Results/in6/P4/mpi_openmp.er/archives/libgomp.so.1.0.0_KCsgk2UCTH5'
Copying `/usr/lib64/librt-2.17.so'
  to `/export/home/acs/stud/t/tudor.calafeteanu/APP/ROT13/Profiling/Results/in6/P4/mpi_openmp.er/archives/librt-2.17.so_OCEC1bthLm2'
Copying `/usr/lib64/libm-2.17.so'
  to `/export/home/acs/stud/t/tudor.calafeteanu/APP/ROT13/Profiling/Results/in6/P4/mpi_openmp.er/archives/libm-2.17.so_OCEC1bthLm2'
Copying `/opt/tools/libraries/openmpi/2.0.1-gcc-5.4.0/lib/openmpi/mca_state_orted.so'
  to `/export/home/acs/stud/t/tudor.calafeteanu/APP/ROT13/Profiling/Results/in6/P4/mpi_openmp.er/archives/mca_state_orted.so_ACtgTTu8U-8'
Copying `/opt/tools/libraries/openmpi/2.0.1-gcc-5.4.0/lib/openmpi/mca_state_staged_orted.so'
  to `/export/home/acs/stud/t/tudor.calafeteanu/APP/ROT13/Profiling/Results/in6/P4/mpi_openmp.er/archives/mca_state_staged_orted.so_ACtgTTu8U-8'
Copying `/opt/tools/libraries/openmpi/2.0.1-gcc-5.4.0/lib/openmpi/mca_errmgr_default_orted.so'
  to `/export/home/acs/stud/t/tudor.calafeteanu/APP/ROT13/Profiling/Results/in6/P4/mpi_openmp.er/archives/mca_errmgr_default_orted.so_ACtgTTu8U-8'
Copying `/opt/tools/libraries/openmpi/2.0.1-gcc-5.4.0/lib/openmpi/mca_oob_tcp.so'
  to `/export/home/acs/stud/t/tudor.calafeteanu/APP/ROT13/Profiling/Results/in6/P4/mpi_openmp.er/archives/mca_oob_tcp.so_ACtgTTu8U-8'
Copying `/opt/tools/libraries/openmpi/2.0.1-gcc-5.4.0/lib/openmpi/mca_routed_debruijn.so'
  to `/export/home/acs/stud/t/tudor.calafeteanu/APP/ROT13/Profiling/Results/in6/P4/mpi_openmp.er/archives/mca_routed_debruijn.so_ACtgTTu8U-8'
Copying `/opt/tools/libraries/openmpi/2.0.1-gcc-5.4.0/lib/openmpi/mca_dfs_app.so'
  to `/export/home/acs/stud/t/tudor.calafeteanu/APP/ROT13/Profiling/Results/in6/P4/mpi_openmp.er/archives/mca_dfs_app.so_ACtgTTu8U-8'
Copying `/opt/tools/libraries/openmpi/2.0.1-gcc-5.4.0/lib/openmpi/mca_allocator_basic.so'
  to `/export/home/acs/stud/t/tudor.calafeteanu/APP/ROT13/Profiling/Results/in6/P4/mpi_openmp.er/archives/mca_allocator_basic.so_ACtgTTu8U-8'
Copying `/opt/tools/libraries/openmpi/2.0.1-gcc-5.4.0/lib/libmca_common_sm.so.20.0.0'
  to `/export/home/acs/stud/t/tudor.calafeteanu/APP/ROT13/Profiling/Results/in6/P4/mpi_openmp.er/archives/libmca_common_sm.so.20.0.0_n1RBpqTD-69'
Copying `/opt/tools/libraries/openmpi/2.0.1-gcc-5.4.0/lib/openmpi/mca_btl_sm.so'
  to `/export/home/acs/stud/t/tudor.calafeteanu/APP/ROT13/Profiling/Results/in6/P4/mpi_openmp.er/archives/mca_btl_sm.so_ACtgTTu8U-8'
Copying `/opt/tools/libraries/openmpi/2.0.1-gcc-5.4.0/lib/openmpi/mca_pml_cm.so'
  to `/export/home/acs/stud/t/tudor.calafeteanu/APP/ROT13/Profiling/Results/in6/P4/mpi_openmp.er/archives/mca_pml_cm.so_ACtgTTu8U-8'
Copying `/opt/tools/libraries/openmpi/2.0.1-gcc-5.4.0/lib/openmpi/mca_coll_tuned.so'
  to `/export/home/acs/stud/t/tudor.calafeteanu/APP/ROT13/Profiling/Results/in6/P4/mpi_openmp.er/archives/mca_coll_tuned.so_ACtgTTu8U-8'
Copying `/opt/tools/libraries/openmpi/2.0.1-gcc-5.4.0/lib/openmpi/mca_coll_sm.so'
  to `/export/home/acs/stud/t/tudor.calafeteanu/APP/ROT13/Profiling/Results/in6/P4/mpi_openmp.er/archives/mca_coll_sm.so_ACtgTTu8U-8'
Copying `/opt/tools/libraries/openmpi/2.0.1-gcc-5.4.0/lib/openmpi/mca_osc_sm.so'
  to `/export/home/acs/stud/t/tudor.calafeteanu/APP/ROT13/Profiling/Results/in6/P4/mpi_openmp.er/archives/mca_osc_sm.so_ACtgTTu8U-8'
Copying `/opt/tools/libraries/openmpi/2.0.1-gcc-5.4.0/lib/openmpi/mca_osc_rdma.so'
  to `/export/home/acs/stud/t/tudor.calafeteanu/APP/ROT13/Profiling/Results/in6/P4/mpi_openmp.er/archives/mca_osc_rdma.so_ACtgTTu8U-8'
