### Start Thu Jan 13 03:44:15 2022
# /opt/tools/compilers/solarisstudio12.5/bin/../bin/er_archive -n -O /export/home/acs/stud/t/tudor.calafeteanu/APP/ROT13/Profiling/Results/in6/P4/mpi_openmp.er/_x1.er/er_archive.log /export/home/acs/stud/t/tudor.calafeteanu/APP/ROT13/Profiling/Results/in6/P4/mpi_openmp.er/_x1.er
Copying `/usr/lib64/ld-2.17.so'
  to `/export/home/acs/stud/t/tudor.calafeteanu/APP/ROT13/Profiling/Results/in6/P4/mpi_openmp.er/archives/ld-2.17.so_OCEC1bthLm2'
Copying `/usr/lib64/libpthread-2.17.so'
  to `/export/home/acs/stud/t/tudor.calafeteanu/APP/ROT13/Profiling/Results/in6/P4/mpi_openmp.er/archives/libpthread-2.17.so_OCEC1bthLm2'
Copying `/usr/lib64/libdl-2.17.so'
  to `/export/home/acs/stud/t/tudor.calafeteanu/APP/ROT13/Profiling/Results/in6/P4/mpi_openmp.er/archives/libdl-2.17.so_OCEC1bthLm2'
Copying `/opt/tools/libraries/openmpi/2.0.1-gcc-5.4.0/lib/libopen-rte.so.20.0.0'
  to `/export/home/acs/stud/t/tudor.calafeteanu/APP/ROT13/Profiling/Results/in6/P4/mpi_openmp.er/archives/libopen-rte.so.20.0.0_n1RBpqTD-69'
Copying `/usr/lib64/libutil-2.17.so'
  to `/export/home/acs/stud/t/tudor.calafeteanu/APP/ROT13/Profiling/Results/in6/P4/mpi_openmp.er/archives/libutil-2.17.so_OCEC1bthLm2'
Copying `/opt/tools/libraries/openmpi/2.0.1-gcc-5.4.0/lib/openmpi/mca_shmem_posix.so'
  to `/export/home/acs/stud/t/tudor.calafeteanu/APP/ROT13/Profiling/Results/in6/P4/mpi_openmp.er/archives/mca_shmem_posix.so_ACtgTTu8U-8'
Copying `/opt/tools/libraries/openmpi/2.0.1-gcc-5.4.0/lib/openmpi/mca_ess_pmi.so'
  to `/export/home/acs/stud/t/tudor.calafeteanu/APP/ROT13/Profiling/Results/in6/P4/mpi_openmp.er/archives/mca_ess_pmi.so_ACtgTTu8U-8'
Copying `/opt/tools/libraries/openmpi/2.0.1-gcc-5.4.0/lib/openmpi/mca_state_app.so'
  to `/export/home/acs/stud/t/tudor.calafeteanu/APP/ROT13/Profiling/Results/in6/P4/mpi_openmp.er/archives/mca_state_app.so_ACtgTTu8U-8'
Copying `/opt/tools/libraries/openmpi/2.0.1-gcc-5.4.0/lib/openmpi/mca_state_staged_hnp.so'
  to `/export/home/acs/stud/t/tudor.calafeteanu/APP/ROT13/Profiling/Results/in6/P4/mpi_openmp.er/archives/mca_state_staged_hnp.so_ACtgTTu8U-8'
Copying `/opt/tools/libraries/openmpi/2.0.1-gcc-5.4.0/lib/openmpi/mca_state_dvm.so'
  to `/export/home/acs/stud/t/tudor.calafeteanu/APP/ROT13/Profiling/Results/in6/P4/mpi_openmp.er/archives/mca_state_dvm.so_ACtgTTu8U-8'
Copying `/opt/tools/libraries/openmpi/2.0.1-gcc-5.4.0/lib/openmpi/mca_oob_usock.so'
  to `/export/home/acs/stud/t/tudor.calafeteanu/APP/ROT13/Profiling/Results/in6/P4/mpi_openmp.er/archives/mca_oob_usock.so_ACtgTTu8U-8'
Copying `/opt/tools/libraries/openmpi/2.0.1-gcc-5.4.0/lib/openmpi/mca_routed_binomial.so'
  to `/export/home/acs/stud/t/tudor.calafeteanu/APP/ROT13/Profiling/Results/in6/P4/mpi_openmp.er/archives/mca_routed_binomial.so_ACtgTTu8U-8'
Copying `/opt/tools/libraries/openmpi/2.0.1-gcc-5.4.0/lib/openmpi/mca_dfs_test.so'
  to `/export/home/acs/stud/t/tudor.calafeteanu/APP/ROT13/Profiling/Results/in6/P4/mpi_openmp.er/archives/mca_dfs_test.so_ACtgTTu8U-8'
Copying `/opt/tools/libraries/openmpi/2.0.1-gcc-5.4.0/lib/openmpi/mca_rcache_vma.so'
  to `/export/home/acs/stud/t/tudor.calafeteanu/APP/ROT13/Profiling/Results/in6/P4/mpi_openmp.er/archives/mca_rcache_vma.so_ACtgTTu8U-8'
Copying `/opt/tools/libraries/openmpi/2.0.1-gcc-5.4.0/lib/openmpi/mca_bml_r2.so'
  to `/export/home/acs/stud/t/tudor.calafeteanu/APP/ROT13/Profiling/Results/in6/P4/mpi_openmp.er/archives/mca_bml_r2.so_ACtgTTu8U-8'
Copying `/opt/tools/libraries/openmpi/2.0.1-gcc-5.4.0/lib/openmpi/mca_btl_vader.so'
  to `/export/home/acs/stud/t/tudor.calafeteanu/APP/ROT13/Profiling/Results/in6/P4/mpi_openmp.er/archives/mca_btl_vader.so_ACtgTTu8U-8'
Copying `/opt/tools/libraries/openmpi/2.0.1-gcc-5.4.0/lib/openmpi/mca_coll_basic.so'
  to `/export/home/acs/stud/t/tudor.calafeteanu/APP/ROT13/Profiling/Results/in6/P4/mpi_openmp.er/archives/mca_coll_basic.so_ACtgTTu8U-8'
Copying `/opt/tools/libraries/openmpi/2.0.1-gcc-5.4.0/lib/openmpi/mca_coll_libnbc.so'
  to `/export/home/acs/stud/t/tudor.calafeteanu/APP/ROT13/Profiling/Results/in6/P4/mpi_openmp.er/archives/mca_coll_libnbc.so_ACtgTTu8U-8'
