### Start Thu Jan 13 03:44:23 2022
# /opt/tools/compilers/solarisstudio12.5/bin/../bin/er_archive -n -O /export/home/acs/stud/t/tudor.calafeteanu/APP/ROT13/Profiling/Results/in6/P4/mpi_pthread.er/_x1.er/er_archive.log /export/home/acs/stud/t/tudor.calafeteanu/APP/ROT13/Profiling/Results/in6/P4/mpi_pthread.er/_x1.er
Copying `/usr/lib64/ld-2.17.so'
  to `/export/home/acs/stud/t/tudor.calafeteanu/APP/ROT13/Profiling/Results/in6/P4/mpi_pthread.er/archives/ld-2.17.so_OCEC1bthLm2'
Copying `/usr/lib64/libpthread-2.17.so'
  to `/export/home/acs/stud/t/tudor.calafeteanu/APP/ROT13/Profiling/Results/in6/P4/mpi_pthread.er/archives/libpthread-2.17.so_OCEC1bthLm2'
Copying `/usr/lib64/libdl-2.17.so'
  to `/export/home/acs/stud/t/tudor.calafeteanu/APP/ROT13/Profiling/Results/in6/P4/mpi_pthread.er/archives/libdl-2.17.so_OCEC1bthLm2'
Copying `/opt/tools/libraries/openmpi/2.0.1-gcc-5.4.0/lib/libopen-rte.so.20.0.0'
  to `/export/home/acs/stud/t/tudor.calafeteanu/APP/ROT13/Profiling/Results/in6/P4/mpi_pthread.er/archives/libopen-rte.so.20.0.0_n1RBpqTD-69'
Copying `/usr/lib64/libutil-2.17.so'
  to `/export/home/acs/stud/t/tudor.calafeteanu/APP/ROT13/Profiling/Results/in6/P4/mpi_pthread.er/archives/libutil-2.17.so_OCEC1bthLm2'
Copying `/opt/tools/libraries/openmpi/2.0.1-gcc-5.4.0/lib/openmpi/mca_sec_basic.so'
  to `/export/home/acs/stud/t/tudor.calafeteanu/APP/ROT13/Profiling/Results/in6/P4/mpi_pthread.er/archives/mca_sec_basic.so_ACtgTTu8U-8'
Copying `/opt/tools/libraries/openmpi/2.0.1-gcc-5.4.0/lib/openmpi/mca_state_hnp.so'
  to `/export/home/acs/stud/t/tudor.calafeteanu/APP/ROT13/Profiling/Results/in6/P4/mpi_pthread.er/archives/mca_state_hnp.so_ACtgTTu8U-8'
Copying `/opt/tools/libraries/openmpi/2.0.1-gcc-5.4.0/lib/openmpi/mca_state_orted.so'
  to `/export/home/acs/stud/t/tudor.calafeteanu/APP/ROT13/Profiling/Results/in6/P4/mpi_pthread.er/archives/mca_state_orted.so_ACtgTTu8U-8'
Copying `/opt/tools/libraries/openmpi/2.0.1-gcc-5.4.0/lib/openmpi/mca_state_dvm.so'
  to `/export/home/acs/stud/t/tudor.calafeteanu/APP/ROT13/Profiling/Results/in6/P4/mpi_pthread.er/archives/mca_state_dvm.so_ACtgTTu8U-8'
Copying `/opt/tools/libraries/openmpi/2.0.1-gcc-5.4.0/lib/openmpi/mca_errmgr_default_hnp.so'
  to `/export/home/acs/stud/t/tudor.calafeteanu/APP/ROT13/Profiling/Results/in6/P4/mpi_pthread.er/archives/mca_errmgr_default_hnp.so_ACtgTTu8U-8'
Copying `/opt/tools/libraries/openmpi/2.0.1-gcc-5.4.0/lib/openmpi/mca_routed_binomial.so'
  to `/export/home/acs/stud/t/tudor.calafeteanu/APP/ROT13/Profiling/Results/in6/P4/mpi_pthread.er/archives/mca_routed_binomial.so_ACtgTTu8U-8'
Copying `/opt/tools/libraries/openmpi/2.0.1-gcc-5.4.0/lib/openmpi/mca_dfs_app.so'
  to `/export/home/acs/stud/t/tudor.calafeteanu/APP/ROT13/Profiling/Results/in6/P4/mpi_pthread.er/archives/mca_dfs_app.so_ACtgTTu8U-8'
Copying `/opt/tools/libraries/openmpi/2.0.1-gcc-5.4.0/lib/openmpi/mca_allocator_basic.so'
  to `/export/home/acs/stud/t/tudor.calafeteanu/APP/ROT13/Profiling/Results/in6/P4/mpi_pthread.er/archives/mca_allocator_basic.so_ACtgTTu8U-8'
Copying `/opt/tools/libraries/openmpi/2.0.1-gcc-5.4.0/lib/openmpi/mca_mpool_grdma.so'
  to `/export/home/acs/stud/t/tudor.calafeteanu/APP/ROT13/Profiling/Results/in6/P4/mpi_pthread.er/archives/mca_mpool_grdma.so_ACtgTTu8U-8'
Copying `/opt/tools/libraries/openmpi/2.0.1-gcc-5.4.0/lib/openmpi/mca_btl_vader.so'
  to `/export/home/acs/stud/t/tudor.calafeteanu/APP/ROT13/Profiling/Results/in6/P4/mpi_pthread.er/archives/mca_btl_vader.so_ACtgTTu8U-8'
Copying `/opt/tools/libraries/openmpi/2.0.1-gcc-5.4.0/lib/openmpi/mca_pml_ob1.so'
  to `/export/home/acs/stud/t/tudor.calafeteanu/APP/ROT13/Profiling/Results/in6/P4/mpi_pthread.er/archives/mca_pml_ob1.so_ACtgTTu8U-8'
Copying `/opt/tools/libraries/openmpi/2.0.1-gcc-5.4.0/lib/openmpi/mca_coll_inter.so'
  to `/export/home/acs/stud/t/tudor.calafeteanu/APP/ROT13/Profiling/Results/in6/P4/mpi_pthread.er/archives/mca_coll_inter.so_ACtgTTu8U-8'
Copying `/opt/tools/libraries/openmpi/2.0.1-gcc-5.4.0/lib/openmpi/mca_osc_pt2pt.so'
  to `/export/home/acs/stud/t/tudor.calafeteanu/APP/ROT13/Profiling/Results/in6/P4/mpi_pthread.er/archives/mca_osc_pt2pt.so_ACtgTTu8U-8'
