### Start Thu Jan 13 03:44:12 2022
# /opt/tools/compilers/solarisstudio12.5/bin/../bin/er_archive -n -O /export/home/acs/stud/t/tudor.calafeteanu/APP/ROT13/Profiling/Results/in6/P4/mpi.er/_x4.er/er_archive.log /export/home/acs/stud/t/tudor.calafeteanu/APP/ROT13/Profiling/Results/in6/P4/mpi.er/_x4.er
Copying `/usr/lib64/ld-2.17.so'
  to `/export/home/acs/stud/t/tudor.calafeteanu/APP/ROT13/Profiling/Results/in6/P4/mpi.er/archives/ld-2.17.so_OCEC1bthLm2'
Copying `/usr/lib64/libc-2.17.so'
  to `/export/home/acs/stud/t/tudor.calafeteanu/APP/ROT13/Profiling/Results/in6/P4/mpi.er/archives/libc-2.17.so_OCEC1bthLm2'
Copying `/opt/tools/libraries/openmpi/2.0.1-gcc-5.4.0/lib/libopen-pal.so.20.1.0'
  to `/export/home/acs/stud/t/tudor.calafeteanu/APP/ROT13/Profiling/Results/in6/P4/mpi.er/archives/libopen-pal.so.20.1.0_n1RBpqTD-69'
Copying `/opt/tools/libraries/openmpi/2.0.1-gcc-5.4.0/lib/openmpi/mca_patcher_overwrite.so'
  to `/export/home/acs/stud/t/tudor.calafeteanu/APP/ROT13/Profiling/Results/in6/P4/mpi.er/archives/mca_patcher_overwrite.so_ACtgTTu8U-8'
Copying `/opt/tools/libraries/openmpi/2.0.1-gcc-5.4.0/lib/openmpi/mca_sec_basic.so'
  to `/export/home/acs/stud/t/tudor.calafeteanu/APP/ROT13/Profiling/Results/in6/P4/mpi.er/archives/mca_sec_basic.so_ACtgTTu8U-8'
Copying `/opt/tools/libraries/openmpi/2.0.1-gcc-5.4.0/lib/openmpi/mca_state_app.so'
  to `/export/home/acs/stud/t/tudor.calafeteanu/APP/ROT13/Profiling/Results/in6/P4/mpi.er/archives/mca_state_app.so_ACtgTTu8U-8'
Copying `/opt/tools/libraries/openmpi/2.0.1-gcc-5.4.0/lib/openmpi/mca_state_staged_hnp.so'
  to `/export/home/acs/stud/t/tudor.calafeteanu/APP/ROT13/Profiling/Results/in6/P4/mpi.er/archives/mca_state_staged_hnp.so_ACtgTTu8U-8'
Copying `/opt/tools/libraries/openmpi/2.0.1-gcc-5.4.0/lib/openmpi/mca_errmgr_default_tool.so'
  to `/export/home/acs/stud/t/tudor.calafeteanu/APP/ROT13/Profiling/Results/in6/P4/mpi.er/archives/mca_errmgr_default_tool.so_ACtgTTu8U-8'
Copying `/opt/tools/libraries/openmpi/2.0.1-gcc-5.4.0/lib/openmpi/mca_errmgr_default_app.so'
  to `/export/home/acs/stud/t/tudor.calafeteanu/APP/ROT13/Profiling/Results/in6/P4/mpi.er/archives/mca_errmgr_default_app.so_ACtgTTu8U-8'
Copying `/opt/tools/libraries/openmpi/2.0.1-gcc-5.4.0/lib/openmpi/mca_rml_oob.so'
  to `/export/home/acs/stud/t/tudor.calafeteanu/APP/ROT13/Profiling/Results/in6/P4/mpi.er/archives/mca_rml_oob.so_ACtgTTu8U-8'
Copying `/opt/tools/libraries/openmpi/2.0.1-gcc-5.4.0/lib/openmpi/mca_routed_radix.so'
  to `/export/home/acs/stud/t/tudor.calafeteanu/APP/ROT13/Profiling/Results/in6/P4/mpi.er/archives/mca_routed_radix.so_ACtgTTu8U-8'
Copying `/opt/tools/libraries/openmpi/2.0.1-gcc-5.4.0/lib/openmpi/mca_dfs_test.so'
  to `/export/home/acs/stud/t/tudor.calafeteanu/APP/ROT13/Profiling/Results/in6/P4/mpi.er/archives/mca_dfs_test.so_ACtgTTu8U-8'
Copying `/opt/tools/libraries/openmpi/2.0.1-gcc-5.4.0/lib/openmpi/mca_rcache_vma.so'
  to `/export/home/acs/stud/t/tudor.calafeteanu/APP/ROT13/Profiling/Results/in6/P4/mpi.er/archives/mca_rcache_vma.so_ACtgTTu8U-8'
Copying `/opt/tools/libraries/openmpi/2.0.1-gcc-5.4.0/lib/openmpi/mca_bml_r2.so'
  to `/export/home/acs/stud/t/tudor.calafeteanu/APP/ROT13/Profiling/Results/in6/P4/mpi.er/archives/mca_bml_r2.so_ACtgTTu8U-8'
Copying `/opt/tools/libraries/openmpi/2.0.1-gcc-5.4.0/lib/openmpi/mca_btl_vader.so'
  to `/export/home/acs/stud/t/tudor.calafeteanu/APP/ROT13/Profiling/Results/in6/P4/mpi.er/archives/mca_btl_vader.so_ACtgTTu8U-8'
Copying `/opt/tools/libraries/openmpi/2.0.1-gcc-5.4.0/lib/openmpi/mca_coll_tuned.so'
  to `/export/home/acs/stud/t/tudor.calafeteanu/APP/ROT13/Profiling/Results/in6/P4/mpi.er/archives/mca_coll_tuned.so_ACtgTTu8U-8'
Copying `/opt/tools/libraries/openmpi/2.0.1-gcc-5.4.0/lib/openmpi/mca_coll_libnbc.so'
  to `/export/home/acs/stud/t/tudor.calafeteanu/APP/ROT13/Profiling/Results/in6/P4/mpi.er/archives/mca_coll_libnbc.so_ACtgTTu8U-8'
