### Start Thu Jan 13 03:44:13 2022
# /opt/tools/compilers/solarisstudio12.5/bin/../bin/er_archive -n -O /export/home/acs/stud/t/tudor.calafeteanu/APP/ROT13/Profiling/Results/in6/P4/mpi.er/er_archive.log /export/home/acs/stud/t/tudor.calafeteanu/APP/ROT13/Profiling/Results/in6/P4/mpi.er
Copying `/opt/tools/libraries/openmpi/2.0.1-gcc-5.4.0/bin/orterun'
  to `/export/home/acs/stud/t/tudor.calafeteanu/APP/ROT13/Profiling/Results/in6/P4/mpi.er/archives/orterun_nhTZPqMD-69'
Copying `/opt/tools/libraries/openmpi/2.0.1-gcc-5.4.0/lib/openmpi/mca_ess_hnp.so'
  to `/export/home/acs/stud/t/tudor.calafeteanu/APP/ROT13/Profiling/Results/in6/P4/mpi.er/archives/mca_ess_hnp.so_ACtgTTu8U-8'
Copying `/opt/tools/libraries/openmpi/2.0.1-gcc-5.4.0/lib/openmpi/mca_ess_tool.so'
  to `/export/home/acs/stud/t/tudor.calafeteanu/APP/ROT13/Profiling/Results/in6/P4/mpi.er/archives/mca_ess_tool.so_ACtgTTu8U-8'
Copying `/opt/tools/libraries/openmpi/2.0.1-gcc-5.4.0/lib/openmpi/mca_ess_env.so'
  to `/export/home/acs/stud/t/tudor.calafeteanu/APP/ROT13/Profiling/Results/in6/P4/mpi.er/archives/mca_ess_env.so_ACtgTTu8U-8'
Copying `/opt/tools/libraries/openmpi/2.0.1-gcc-5.4.0/lib/openmpi/mca_ess_slurm.so'
  to `/export/home/acs/stud/t/tudor.calafeteanu/APP/ROT13/Profiling/Results/in6/P4/mpi.er/archives/mca_ess_slurm.so_ACtgTTu8U-8'
Copying `/opt/tools/libraries/openmpi/2.0.1-gcc-5.4.0/lib/openmpi/mca_ess_singleton.so'
  to `/export/home/acs/stud/t/tudor.calafeteanu/APP/ROT13/Profiling/Results/in6/P4/mpi.er/archives/mca_ess_singleton.so_ACtgTTu8U-8'
Copying `/opt/tools/libraries/openmpi/2.0.1-gcc-5.4.0/lib/openmpi/mca_pstat_linux.so'
  to `/export/home/acs/stud/t/tudor.calafeteanu/APP/ROT13/Profiling/Results/in6/P4/mpi.er/archives/mca_pstat_linux.so_ACtgTTu8U-8'
Copying `/opt/tools/libraries/openmpi/2.0.1-gcc-5.4.0/lib/openmpi/mca_plm_isolated.so'
  to `/export/home/acs/stud/t/tudor.calafeteanu/APP/ROT13/Profiling/Results/in6/P4/mpi.er/archives/mca_plm_isolated.so_ACtgTTu8U-8'
Copying `/opt/tools/libraries/openmpi/2.0.1-gcc-5.4.0/lib/openmpi/mca_plm_slurm.so'
  to `/export/home/acs/stud/t/tudor.calafeteanu/APP/ROT13/Profiling/Results/in6/P4/mpi.er/archives/mca_plm_slurm.so_ACtgTTu8U-8'
Copying `/opt/tools/libraries/openmpi/2.0.1-gcc-5.4.0/lib/openmpi/mca_plm_rsh.so'
  to `/export/home/acs/stud/t/tudor.calafeteanu/APP/ROT13/Profiling/Results/in6/P4/mpi.er/archives/mca_plm_rsh.so_ACtgTTu8U-8'
Copying `/opt/tools/libraries/openmpi/2.0.1-gcc-5.4.0/lib/openmpi/mca_ras_slurm.so'
  to `/export/home/acs/stud/t/tudor.calafeteanu/APP/ROT13/Profiling/Results/in6/P4/mpi.er/archives/mca_ras_slurm.so_ACtgTTu8U-8'
Copying `/opt/tools/libraries/openmpi/2.0.1-gcc-5.4.0/lib/openmpi/mca_ras_gridengine.so'
  to `/export/home/acs/stud/t/tudor.calafeteanu/APP/ROT13/Profiling/Results/in6/P4/mpi.er/archives/mca_ras_gridengine.so_ACtgTTu8U-8'
Copying `/opt/tools/libraries/openmpi/2.0.1-gcc-5.4.0/lib/openmpi/mca_ras_loadleveler.so'
  to `/export/home/acs/stud/t/tudor.calafeteanu/APP/ROT13/Profiling/Results/in6/P4/mpi.er/archives/mca_ras_loadleveler.so_ACtgTTu8U-8'
Copying `/opt/tools/libraries/openmpi/2.0.1-gcc-5.4.0/lib/openmpi/mca_ras_simulator.so'
  to `/export/home/acs/stud/t/tudor.calafeteanu/APP/ROT13/Profiling/Results/in6/P4/mpi.er/archives/mca_ras_simulator.so_ACtgTTu8U-8'
Copying `/opt/tools/libraries/openmpi/2.0.1-gcc-5.4.0/lib/openmpi/mca_rmaps_round_robin.so'
  to `/export/home/acs/stud/t/tudor.calafeteanu/APP/ROT13/Profiling/Results/in6/P4/mpi.er/archives/mca_rmaps_round_robin.so_ACtgTTu8U-8'
Copying `/opt/tools/libraries/openmpi/2.0.1-gcc-5.4.0/lib/openmpi/mca_rmaps_staged.so'
  to `/export/home/acs/stud/t/tudor.calafeteanu/APP/ROT13/Profiling/Results/in6/P4/mpi.er/archives/mca_rmaps_staged.so_ACtgTTu8U-8'
Copying `/opt/tools/libraries/openmpi/2.0.1-gcc-5.4.0/lib/openmpi/mca_rmaps_rank_file.so'
  to `/export/home/acs/stud/t/tudor.calafeteanu/APP/ROT13/Profiling/Results/in6/P4/mpi.er/archives/mca_rmaps_rank_file.so_ACtgTTu8U-8'
Copying `/opt/tools/libraries/openmpi/2.0.1-gcc-5.4.0/lib/openmpi/mca_rmaps_ppr.so'
  to `/export/home/acs/stud/t/tudor.calafeteanu/APP/ROT13/Profiling/Results/in6/P4/mpi.er/archives/mca_rmaps_ppr.so_ACtgTTu8U-8'
Copying `/opt/tools/libraries/openmpi/2.0.1-gcc-5.4.0/lib/openmpi/mca_rmaps_mindist.so'
  to `/export/home/acs/stud/t/tudor.calafeteanu/APP/ROT13/Profiling/Results/in6/P4/mpi.er/archives/mca_rmaps_mindist.so_ACtgTTu8U-8'
Copying `/opt/tools/libraries/openmpi/2.0.1-gcc-5.4.0/lib/openmpi/mca_rmaps_resilient.so'
  to `/export/home/acs/stud/t/tudor.calafeteanu/APP/ROT13/Profiling/Results/in6/P4/mpi.er/archives/mca_rmaps_resilient.so_ACtgTTu8U-8'
Copying `/opt/tools/libraries/openmpi/2.0.1-gcc-5.4.0/lib/openmpi/mca_rmaps_seq.so'
  to `/export/home/acs/stud/t/tudor.calafeteanu/APP/ROT13/Profiling/Results/in6/P4/mpi.er/archives/mca_rmaps_seq.so_ACtgTTu8U-8'
Copying `/opt/tools/libraries/openmpi/2.0.1-gcc-5.4.0/lib/openmpi/mca_odls_default.so'
  to `/export/home/acs/stud/t/tudor.calafeteanu/APP/ROT13/Profiling/Results/in6/P4/mpi.er/archives/mca_odls_default.so_ACtgTTu8U-8'
Copying `/opt/tools/libraries/openmpi/2.0.1-gcc-5.4.0/lib/openmpi/mca_rtc_freq.so'
  to `/export/home/acs/stud/t/tudor.calafeteanu/APP/ROT13/Profiling/Results/in6/P4/mpi.er/archives/mca_rtc_freq.so_ACtgTTu8U-8'
Copying `/opt/tools/libraries/openmpi/2.0.1-gcc-5.4.0/lib/openmpi/mca_rtc_hwloc.so'
  to `/export/home/acs/stud/t/tudor.calafeteanu/APP/ROT13/Profiling/Results/in6/P4/mpi.er/archives/mca_rtc_hwloc.so_ACtgTTu8U-8'
Copying `/opt/tools/libraries/openmpi/2.0.1-gcc-5.4.0/lib/openmpi/mca_iof_hnp.so'
  to `/export/home/acs/stud/t/tudor.calafeteanu/APP/ROT13/Profiling/Results/in6/P4/mpi.er/archives/mca_iof_hnp.so_ACtgTTu8U-8'
Copying `/opt/tools/libraries/openmpi/2.0.1-gcc-5.4.0/lib/openmpi/mca_iof_tool.so'
  to `/export/home/acs/stud/t/tudor.calafeteanu/APP/ROT13/Profiling/Results/in6/P4/mpi.er/archives/mca_iof_tool.so_ACtgTTu8U-8'
Copying `/opt/tools/libraries/openmpi/2.0.1-gcc-5.4.0/lib/openmpi/mca_iof_mr_hnp.so'
  to `/export/home/acs/stud/t/tudor.calafeteanu/APP/ROT13/Profiling/Results/in6/P4/mpi.er/archives/mca_iof_mr_hnp.so_ACtgTTu8U-8'
Copying `/opt/tools/libraries/openmpi/2.0.1-gcc-5.4.0/lib/openmpi/mca_iof_orted.so'
  to `/export/home/acs/stud/t/tudor.calafeteanu/APP/ROT13/Profiling/Results/in6/P4/mpi.er/archives/mca_iof_orted.so_ACtgTTu8U-8'
Copying `/opt/tools/libraries/openmpi/2.0.1-gcc-5.4.0/lib/openmpi/mca_iof_mr_orted.so'
  to `/export/home/acs/stud/t/tudor.calafeteanu/APP/ROT13/Profiling/Results/in6/P4/mpi.er/archives/mca_iof_mr_orted.so_ACtgTTu8U-8'
Copying `/opt/tools/libraries/openmpi/2.0.1-gcc-5.4.0/lib/openmpi/mca_filem_raw.so'
  to `/export/home/acs/stud/t/tudor.calafeteanu/APP/ROT13/Profiling/Results/in6/P4/mpi.er/archives/mca_filem_raw.so_ACtgTTu8U-8'
Copying `/opt/tools/libraries/openmpi/2.0.1-gcc-5.4.0/lib/openmpi/mca_schizo_ompi.so'
  to `/export/home/acs/stud/t/tudor.calafeteanu/APP/ROT13/Profiling/Results/in6/P4/mpi.er/archives/mca_schizo_ompi.so_ACtgTTu8U-8'
Copying `/usr/lib64/libnss_files-2.17.so'
  to `/export/home/acs/stud/t/tudor.calafeteanu/APP/ROT13/Profiling/Results/in6/P4/mpi.er/archives/libnss_files-2.17.so_OCEC1bthLm2'
